<?xml version="1.0" encoding="UTF-8"?>
<robot generator="Robot 5.0.1 (Python 3.9.13 on win32)" generated="20230725 10:53:07.092" rpa="true" schemaversion="3">
<suite id="s1" name="Tasks" source="c:\Users\hmengual\Desktop\Documentación\Proyectos Activos\RPA\SAP\tasks.robot">
<test id="s1-t1" name="Ingresar SOLPED" line="32">
<kw name="SAP GUI LOGIN">
<kw name="Windows Run" library="RPA.Windows">
<arg>${Path_SAPGUI}</arg>
<tag>window</tag>
<doc>Use Windows Run window to launch an application.</doc>
<msg timestamp="20230725 10:53:10.282" level="INFO">Sending keys '{Win}r' to element: &lt;module 'uiautomation' from 'c:\\ProgramData\\robocorp\\ht\\e0a6775_b1f3c24_1c0bc041\\lib\\site-packages\\uiautomation\\__init__.py'&gt;</msg>
<msg timestamp="20230725 10:53:10.870" level="INFO">Sending keys 'C:\\Program Files (x86)\\SAP\\FrontEnd\\SAPgui\\saplogon.exe' to element: &lt;module 'uiautomation' from 'c:\\ProgramData\\robocorp\\ht\\e0a6775_b1f3c24_1c0bc041\\lib\\site-packages\\uiautomation\\__init__.py'&gt;</msg>
<msg timestamp="20230725 10:53:12.244" level="INFO">Sending keys '{Enter}' to element: &lt;module 'uiautomation' from 'c:\\ProgramData\\robocorp\\ht\\e0a6775_b1f3c24_1c0bc041\\lib\\site-packages\\uiautomation\\__init__.py'&gt;</msg>
<status status="PASS" starttime="20230725 10:53:10.281" endtime="20230725 10:53:15.801"/>
</kw>
<kw name="Connect To Session" library="RPA.SAP">
<doc>Connects to an open session SAP.</doc>
<status status="PASS" starttime="20230725 10:53:15.802" endtime="20230725 10:53:15.839"/>
</kw>
<kw name="Open Connection" library="RPA.SAP">
<arg>${Conection}</arg>
<doc>Opens a connection to the given connection name. Be sure to provide the full connection name, including the bracket part.</doc>
<status status="PASS" starttime="20230725 10:53:15.839" endtime="20230725 10:53:17.412"/>
</kw>
<kw name="Input Text" library="RPA.SAP">
<arg>${Mandante}</arg>
<arg>300</arg>
<doc>Inserts the given text into the text field identified by locator.
Use keyword `input password` to insert a password in a text field.</doc>
<msg timestamp="20230725 10:53:17.472" level="INFO">Typing text '300' into text field 'wnd[0]/usr/txtRSYST-MANDT'.</msg>
<status status="PASS" starttime="20230725 10:53:17.413" endtime="20230725 10:53:17.473"/>
</kw>
<kw name="Input Text" library="RPA.SAP">
<arg>${Usuario}</arg>
<arg>test</arg>
<doc>Inserts the given text into the text field identified by locator.
Use keyword `input password` to insert a password in a text field.</doc>
<msg timestamp="20230725 10:53:17.490" level="INFO">Typing text 'test' into text field 'wnd[0]/usr/txtRSYST-BNAME'.</msg>
<status status="PASS" starttime="20230725 10:53:17.473" endtime="20230725 10:53:17.491"/>
</kw>
<kw name="Input Password" library="RPA.SAP">
<arg>${Password}</arg>
<arg>Mayo2023</arg>
<doc>Inserts the given password into the text field identified by locator.
The password is not recorded in the log.</doc>
<msg timestamp="20230725 10:53:17.506" level="INFO">Typing password into text field 'wnd[0]/usr/pwdRSYST-BCODE'.</msg>
<status status="PASS" starttime="20230725 10:53:17.491" endtime="20230725 10:53:17.506"/>
</kw>
<kw name="Send Vkey" library="RPA.SAP">
<arg>0</arg>
<doc>Sends a SAP virtual key combination to the window, not into an element.
If you want to send a value to a text field, use `input text` instead.</doc>
<status status="PASS" starttime="20230725 10:53:17.507" endtime="20230725 10:53:18.145"/>
</kw>
<status status="PASS" starttime="20230725 10:53:10.280" endtime="20230725 10:53:18.146"/>
</kw>
<kw name="Extraer Datos">
<var>${Factura}</var>
<kw name="Get Text From Pdf" library="RPA.PDF">
<var>${text}</var>
<arg>${pdf_path}</arg>
<arg>details=${FALSE}</arg>
<arg>trim=${FALSE}</arg>
<doc>Get text from set of pages in source PDF document.</doc>
<msg timestamp="20230725 10:53:18.588" level="INFO">${text} = {1: 'C.U.I.T. Nº\n30-58699951-2\nTotal USD\nTotal ARS\n     3,000.00\n    747,000.00\nA - 0018 - 00234903\n 2023\n 2023\n/ /\n06\n06\n/ /\nFactura N°\nFECHA\n01\nVTO.\n16\nC.U.I.T.:30-69685097-2\nING....</msg>
<status status="PASS" starttime="20230725 10:53:18.151" endtime="20230725 10:53:18.589"/>
</kw>
<kw name="Create File" library="OperatingSystem">
<arg>output.txt</arg>
<doc>Creates a file with the given content and encoding.</doc>
<msg timestamp="20230725 10:53:18.591" level="INFO" html="true">Created file '&lt;a href="file://C:\Users\hmengual\Desktop\Documentación\Proyectos Activos\RPA\SAP\output.txt"&gt;C:\Users\hmengual\Desktop\Documentación\Proyectos Activos\RPA\SAP\output.txt&lt;/a&gt;'.</msg>
<status status="PASS" starttime="20230725 10:53:18.589" endtime="20230725 10:53:18.592"/>
</kw>
<for flavor="IN">
<var>${page}</var>
<value>@{text.keys()}</value>
<iter>
<var name="${page}">1</var>
<kw name="Append To File" library="OperatingSystem">
<arg>output.txt</arg>
<arg>${text[${page}]}</arg>
<doc>Appends the given content to the specified file.</doc>
<msg timestamp="20230725 10:53:18.601" level="INFO" html="true">Appended to file '&lt;a href="file://C:\Users\hmengual\Desktop\Documentación\Proyectos Activos\RPA\SAP\output.txt"&gt;C:\Users\hmengual\Desktop\Documentación\Proyectos Activos\RPA\SAP\output.txt&lt;/a&gt;'.</msg>
<status status="PASS" starttime="20230725 10:53:18.596" endtime="20230725 10:53:18.602"/>
</kw>
<status status="PASS" starttime="20230725 10:53:18.595" endtime="20230725 10:53:18.602"/>
</iter>
<status status="PASS" starttime="20230725 10:53:18.592" endtime="20230725 10:53:18.603"/>
</for>
<kw name="Get Regexp Matches" library="String">
<var>${InvoiceNumber}</var>
<arg>${text}[${1}]</arg>
<arg>A - .... - ........</arg>
<doc>Returns a list of all non-overlapping matches in the given string.</doc>
<msg timestamp="20230725 10:53:18.607" level="INFO">${InvoiceNumber} = ['A - 0018 - 00234903']</msg>
<status status="PASS" starttime="20230725 10:53:18.604" endtime="20230725 10:53:18.608"/>
</kw>
<return>
<value>${InvoiceNumber}[0]</value>
<status status="PASS" starttime="20230725 10:53:18.608" endtime="20230725 10:53:18.609"/>
</return>
<msg timestamp="20230725 10:53:18.611" level="INFO">${Factura} = A - 0018 - 00234903</msg>
<status status="PASS" starttime="20230725 10:53:18.148" endtime="20230725 10:53:18.611"/>
</kw>
<kw name="Crear SOLPED">
<arg>${Factura}</arg>
<kw name="Run Transaction" library="RPA.SAP">
<arg>ME51N</arg>
<doc>Runs a Sap transaction. An error is given when an unknown transaction is specified.</doc>
<status status="PASS" starttime="20230725 10:53:18.614" endtime="20230725 10:53:20.372"/>
</kw>
<kw name="Select Context Menu Item" library="RPA.SAP">
<arg>wnd[0]/titl/shellcont/shell</arg>
<arg>%GOS_TOOLBOX</arg>
<arg>%GOS_PCATTA_CREA</arg>
<doc>Selects an item from the context menu by clicking a button or right-clicking in the node context menu.</doc>
<status status="PASS" starttime="20230725 10:53:20.373" endtime="20230725 10:53:21.110"/>
</kw>
<kw name="Input Text" library="RPA.SAP">
<arg>${PDF_Path2}</arg>
<arg>c:\\Users\\hmengual\\Desktop\\Documentación\\Proyectos Activos\\RPA\\SAP\\tmp</arg>
<doc>Inserts the given text into the text field identified by locator.
Use keyword `input password` to insert a password in a text field.</doc>
<msg timestamp="20230725 10:53:21.174" level="INFO">Typing text 'c:\Users\hmengual\Desktop\Documentación\Proyectos Activos\RPA\SAP\tmp' into text field 'wnd[1]/usr/ctxtDY_PATH'.</msg>
<status status="PASS" starttime="20230725 10:53:21.111" endtime="20230725 10:53:21.174"/>
</kw>
<kw name="Input Text" library="RPA.SAP">
<arg>${PDF_Nombre}</arg>
<arg>Factura.pdf</arg>
<doc>Inserts the given text into the text field identified by locator.
Use keyword `input password` to insert a password in a text field.</doc>
<msg timestamp="20230725 10:53:21.200" level="INFO">Typing text 'Factura.pdf' into text field 'wnd[1]/usr/ctxtDY_FILENAME'.</msg>
<status status="PASS" starttime="20230725 10:53:21.175" endtime="20230725 10:53:21.201"/>
</kw>
<kw name="Send Vkey" library="RPA.SAP">
<arg>0</arg>
<doc>Sends a SAP virtual key combination to the window, not into an element.
If you want to send a value to a text field, use `input text` instead.</doc>
<status status="PASS" starttime="20230725 10:53:21.201" endtime="20230725 10:53:22.593"/>
</kw>
<kw name="Send Vkey" library="RPA.SAP">
<arg>26</arg>
<doc>Sends a SAP virtual key combination to the window, not into an element.
If you want to send a value to a text field, use `input text` instead.</doc>
<status status="PASS" starttime="20230725 10:53:22.594" endtime="20230725 10:53:23.373"/>
</kw>
<kw name="Input Text" library="RPA.SAP">
<arg>${Header_Detail}</arg>
<arg>${Texto_factura}</arg>
<doc>Inserts the given text into the text field identified by locator.
Use keyword `input password` to insert a password in a text field.</doc>
<msg timestamp="20230725 10:53:23.586" level="INFO">Typing text 'A - 0018 - 00234903' into text field 'wnd[0]/usr/subSUB0:SAPLMEGUI:0013/subSUB1:SAPLMEVIEWS:1100/subSUB2:SAPLMEVIEWS:1200/subSUB1:SAPLMEGUI:3102/tabsREQ_HEADER_DETAIL/tabpTABREQHDT1/ssubTABSTRIPCONTROL3SUB:SAPLMEGUI:1230/subTEXTS:SAPLMMTE:0100/subEDITOR:SAPLMMTE:0101/cntlTEXT_EDITOR_0101/shellcont/shell'.</msg>
<status status="PASS" starttime="20230725 10:53:23.373" endtime="20230725 10:53:23.587"/>
</kw>
<kw name="Send Vkey" library="RPA.SAP">
<arg>0</arg>
<doc>Sends a SAP virtual key combination to the window, not into an element.
If you want to send a value to a text field, use `input text` instead.</doc>
<status status="PASS" starttime="20230725 10:53:23.587" endtime="20230725 10:53:24.343"/>
</kw>
<kw name="Send Vkey" library="RPA.SAP">
<arg>27</arg>
<doc>Sends a SAP virtual key combination to the window, not into an element.
If you want to send a value to a text field, use `input text` instead.</doc>
<status status="PASS" starttime="20230725 10:53:24.344" endtime="20230725 10:53:24.968"/>
</kw>
<kw name="Set Cell Value" library="RPA.SAP">
<arg>${Tabla}</arg>
<arg>0</arg>
<arg>MATNR</arg>
<arg>70099</arg>
<doc>Sets the cell value for the specified cell of a GridView 'table_id' which is contained within a shell object.</doc>
<msg timestamp="20230725 10:53:25.165" level="INFO">Typing text '70099' into cell '0', 'MATNR'</msg>
<status status="PASS" starttime="20230725 10:53:24.969" endtime="20230725 10:53:25.166"/>
</kw>
<kw name="Set Cell Value" library="RPA.SAP">
<arg>${Tabla}</arg>
<arg>0</arg>
<arg>NAME1</arg>
<arg>Aranguren</arg>
<doc>Sets the cell value for the specified cell of a GridView 'table_id' which is contained within a shell object.</doc>
<msg timestamp="20230725 10:53:25.239" level="INFO">Typing text 'Aranguren' into cell '0', 'NAME1'</msg>
<status status="PASS" starttime="20230725 10:53:25.167" endtime="20230725 10:53:25.239"/>
</kw>
<kw name="Set Cell Value" library="RPA.SAP">
<arg>${Tabla}</arg>
<arg>0</arg>
<arg>KNTTP</arg>
<arg>K</arg>
<doc>Sets the cell value for the specified cell of a GridView 'table_id' which is contained within a shell object.</doc>
<msg timestamp="20230725 10:53:25.303" level="INFO">Typing text 'K' into cell '0', 'KNTTP'</msg>
<status status="PASS" starttime="20230725 10:53:25.240" endtime="20230725 10:53:25.304"/>
</kw>
<kw name="Set Cell Value" library="RPA.SAP">
<arg>${Tabla}</arg>
<arg>0</arg>
<arg>MENGE</arg>
<arg>1</arg>
<doc>Sets the cell value for the specified cell of a GridView 'table_id' which is contained within a shell object.</doc>
<msg timestamp="20230725 10:53:25.367" level="INFO">Typing text '1' into cell '0', 'MENGE'</msg>
<status status="PASS" starttime="20230725 10:53:25.304" endtime="20230725 10:53:25.367"/>
</kw>
<kw name="Set Cell Value" library="RPA.SAP">
<arg>${Tabla}</arg>
<arg>0</arg>
<arg>AFNAM</arg>
<arg>SISTEMAS</arg>
<doc>Sets the cell value for the specified cell of a GridView 'table_id' which is contained within a shell object.</doc>
<msg timestamp="20230725 10:53:25.429" level="INFO">Typing text 'SISTEMAS' into cell '0', 'AFNAM'</msg>
<status status="PASS" starttime="20230725 10:53:25.368" endtime="20230725 10:53:25.429"/>
</kw>
<kw name="Send Vkey" library="RPA.SAP">
<arg>0</arg>
<doc>Sends a SAP virtual key combination to the window, not into an element.
If you want to send a value to a text field, use `input text` instead.</doc>
<status status="PASS" starttime="20230725 10:53:25.430" endtime="20230725 10:53:26.364"/>
</kw>
<kw name="Input Text" library="RPA.SAP">
<arg>${Centro_costo}</arg>
<arg>CC00032</arg>
<doc>Inserts the given text into the text field identified by locator.
Use keyword `input password` to insert a password in a text field.</doc>
<msg timestamp="20230725 10:53:26.570" level="INFO">Typing text 'CC00032' into text field 'wnd[0]/usr/subSUB0:SAPLMEGUI:0019/subSUB3:SAPLMEVIEWS:1100/subSUB2:SAPLMEVIEWS:1200/subSUB1:SAPLMEGUI:1301/subSUB2:SAPLMEGUI:3303/tabsREQ_ITEM_DETAIL/tabpTABREQDT6/ssubTABSTRIPCONTROL1SUB:SAPLMEVIEWS:1101/subSUB2:SAPLMEACCTVI:0100/subSUB1:SAPLMEACCTVI:1100/subKONTBLOCK:SAPLKACB:1101/ctxtCOBL-KOSTL'.</msg>
<status status="PASS" starttime="20230725 10:53:26.365" endtime="20230725 10:53:26.571"/>
</kw>
<kw name="Send Vkey" library="RPA.SAP">
<arg>0</arg>
<doc>Sends a SAP virtual key combination to the window, not into an element.
If you want to send a value to a text field, use `input text` instead.</doc>
<status status="PASS" starttime="20230725 10:53:26.571" endtime="20230725 10:53:27.240"/>
</kw>
<kw name="Input Text" library="RPA.SAP">
<arg>${Precio}</arg>
<arg>1</arg>
<doc>Inserts the given text into the text field identified by locator.
Use keyword `input password` to insert a password in a text field.</doc>
<msg timestamp="20230725 10:53:27.375" level="INFO">Typing text '1' into text field 'wnd[0]/usr/subSUB0:SAPLMEGUI:0015/subSUB3:SAPLMEVIEWS:1100/subSUB2:SAPLMEVIEWS:1200/subSUB1:SAPLMEGUI:1301/subSUB2:SAPLMEGUI:3303/tabsREQ_ITEM_DETAIL/tabpTABREQDT5/ssubTABSTRIPCONTROL1SUB:SAPLMEGUI:3320/txtMEREQ3320-PREIS'.</msg>
<status status="PASS" starttime="20230725 10:53:27.241" endtime="20230725 10:53:27.376"/>
</kw>
<kw name="Send Vkey" library="RPA.SAP">
<arg>0</arg>
<doc>Sends a SAP virtual key combination to the window, not into an element.
If you want to send a value to a text field, use `input text` instead.</doc>
<status status="PASS" starttime="20230725 10:53:27.377" endtime="20230725 10:53:28.169"/>
</kw>
<kw name="Click Element" library="RPA.SAP">
<arg>${Save}</arg>
<doc>Performs a single click on a given element. Used only for buttons, tabs and menu items.</doc>
<status status="PASS" starttime="20230725 10:53:28.169" endtime="20230725 10:53:29.302"/>
</kw>
<status status="PASS" starttime="20230725 10:53:18.612" endtime="20230725 10:53:29.303"/>
</kw>
<kw name="No Operation" library="BuiltIn" type="TEARDOWN">
<doc>Does absolutely nothing.</doc>
<status status="PASS" starttime="20230725 10:53:29.304" endtime="20230725 10:53:29.306"/>
</kw>
<status status="PASS" starttime="20230725 10:53:10.278" endtime="20230725 10:53:29.307"/>
</test>
<doc>Aplicación Demo, automatización de proceso estándar de SAP: Generación de SOLPED</doc>
<status status="PASS" starttime="20230725 10:53:07.110" endtime="20230725 10:53:29.311"/>
</suite>
<statistics>
<total>
<stat pass="1" fail="0" skip="0">All Tasks</stat>
</total>
<tag>
</tag>
<suite>
<stat pass="1" fail="0" skip="0" id="s1" name="Tasks">Tasks</stat>
</suite>
</statistics>
<errors>
</errors>
</robot>
