<?xml version="1.0" encoding="UTF-8"?>
<robot generator="Robot 5.0.1 (Python 3.9.13 on win32)" generated="20230616 15:41:05.053" rpa="true" schemaversion="3">
<suite id="s1" name="Tasks" source="c:\Users\hmengual\Desktop\RPA\MPV\tasks.robot">
<test id="s1-t1" name="Ingresar SOLPED" line="32">
<kw name="SAP GUI LOGIN">
<kw name="Windows Run" library="RPA.Windows">
<arg>${Path_SAPGUI}</arg>
<tag>window</tag>
<doc>Use Windows Run window to launch an application.</doc>
<msg timestamp="20230616 15:41:07.783" level="INFO">Sending keys '{Win}r' to element: &lt;module 'uiautomation' from 'c:\\ProgramData\\robocorp\\ht\\e0a6775_b1f3c24_1c0bc041\\lib\\site-packages\\uiautomation\\__init__.py'&gt;</msg>
<msg timestamp="20230616 15:41:08.372" level="INFO">Sending keys 'C:\\Program Files (x86)\\SAP\\FrontEnd\\SAPgui\\saplogon.exe' to element: &lt;module 'uiautomation' from 'c:\\ProgramData\\robocorp\\ht\\e0a6775_b1f3c24_1c0bc041\\lib\\site-packages\\uiautomation\\__init__.py'&gt;</msg>
<msg timestamp="20230616 15:41:09.749" level="INFO">Sending keys '{Enter}' to element: &lt;module 'uiautomation' from 'c:\\ProgramData\\robocorp\\ht\\e0a6775_b1f3c24_1c0bc041\\lib\\site-packages\\uiautomation\\__init__.py'&gt;</msg>
<status status="PASS" starttime="20230616 15:41:07.782" endtime="20230616 15:41:13.297"/>
</kw>
<kw name="Connect To Session" library="RPA.SAP">
<doc>Connects to an open session SAP.</doc>
<status status="PASS" starttime="20230616 15:41:13.297" endtime="20230616 15:41:13.333"/>
</kw>
<kw name="Open Connection" library="RPA.SAP">
<arg>${Conection}</arg>
<doc>Opens a connection to the given connection name. Be sure to provide the full connection name, including the bracket part.</doc>
<status status="PASS" starttime="20230616 15:41:13.333" endtime="20230616 15:41:14.787"/>
</kw>
<kw name="Input Text" library="RPA.SAP">
<arg>${Mandante}</arg>
<arg>300</arg>
<doc>Inserts the given text into the text field identified by locator.
Use keyword `input password` to insert a password in a text field.</doc>
<msg timestamp="20230616 15:41:14.847" level="INFO">Typing text '300' into text field 'wnd[0]/usr/txtRSYST-MANDT'.</msg>
<status status="PASS" starttime="20230616 15:41:14.788" endtime="20230616 15:41:14.847"/>
</kw>
<kw name="Input Text" library="RPA.SAP">
<arg>${Usuario}</arg>
<arg>test</arg>
<doc>Inserts the given text into the text field identified by locator.
Use keyword `input password` to insert a password in a text field.</doc>
<msg timestamp="20230616 15:41:14.868" level="INFO">Typing text 'test' into text field 'wnd[0]/usr/txtRSYST-BNAME'.</msg>
<status status="PASS" starttime="20230616 15:41:14.848" endtime="20230616 15:41:14.869"/>
</kw>
<kw name="Input Password" library="RPA.SAP">
<arg>${Password}</arg>
<arg>Mayo2023</arg>
<doc>Inserts the given password into the text field identified by locator.
The password is not recorded in the log.</doc>
<msg timestamp="20230616 15:41:14.882" level="INFO">Typing password into text field 'wnd[0]/usr/pwdRSYST-BCODE'.</msg>
<status status="PASS" starttime="20230616 15:41:14.870" endtime="20230616 15:41:14.882"/>
</kw>
<kw name="Send Vkey" library="RPA.SAP">
<arg>0</arg>
<doc>Sends a SAP virtual key combination to the window, not into an element.
If you want to send a value to a text field, use `input text` instead.</doc>
<status status="PASS" starttime="20230616 15:41:14.883" endtime="20230616 15:41:15.462"/>
</kw>
<status status="PASS" starttime="20230616 15:41:07.781" endtime="20230616 15:41:15.462"/>
</kw>
<kw name="Extraer Datos">
<var>${Factura}</var>
<kw name="Get Text From Pdf" library="RPA.PDF">
<var>${text}</var>
<arg>${pdf_path}</arg>
<arg>details=${FALSE}</arg>
<arg>trim=${FALSE}</arg>
<doc>Get text from set of pages in source PDF document.</doc>
<msg timestamp="20230616 15:41:15.740" level="INFO">${text} = {1: 'C.U.I.T. Nº\n30-58699951-2\nTotal USD\nTotal ARS\n     3,000.00\n    747,000.00\nA - 0018 - 00234903\n 2023\n 2023\n/ /\n06\n06\n/ /\nFactura N°\nFECHA\n01\nVTO.\n16\nC.U.I.T.:30-69685097-2\nING....</msg>
<status status="PASS" starttime="20230616 15:41:15.465" endtime="20230616 15:41:15.740"/>
</kw>
<kw name="Create File" library="OperatingSystem">
<arg>output.txt</arg>
<doc>Creates a file with the given content and encoding.</doc>
<msg timestamp="20230616 15:41:15.742" level="INFO" html="true">Created file '&lt;a href="file://C:\Users\hmengual\Desktop\RPA\MPV\output.txt"&gt;C:\Users\hmengual\Desktop\RPA\MPV\output.txt&lt;/a&gt;'.</msg>
<status status="PASS" starttime="20230616 15:41:15.741" endtime="20230616 15:41:15.743"/>
</kw>
<for flavor="IN">
<var>${page}</var>
<value>@{text.keys()}</value>
<iter>
<var name="${page}">1</var>
<kw name="Append To File" library="OperatingSystem">
<arg>output.txt</arg>
<arg>${text[${page}]}</arg>
<doc>Appends the given content to the specified file.</doc>
<msg timestamp="20230616 15:41:15.748" level="INFO" html="true">Appended to file '&lt;a href="file://C:\Users\hmengual\Desktop\RPA\MPV\output.txt"&gt;C:\Users\hmengual\Desktop\RPA\MPV\output.txt&lt;/a&gt;'.</msg>
<status status="PASS" starttime="20230616 15:41:15.745" endtime="20230616 15:41:15.749"/>
</kw>
<status status="PASS" starttime="20230616 15:41:15.745" endtime="20230616 15:41:15.750"/>
</iter>
<status status="PASS" starttime="20230616 15:41:15.743" endtime="20230616 15:41:15.750"/>
</for>
<kw name="Get Regexp Matches" library="String">
<var>${InvoiceNumber}</var>
<arg>${text}[${1}]</arg>
<arg>A - .... - ........</arg>
<doc>Returns a list of all non-overlapping matches in the given string.</doc>
<msg timestamp="20230616 15:41:15.754" level="INFO">${InvoiceNumber} = ['A - 0018 - 00234903']</msg>
<status status="PASS" starttime="20230616 15:41:15.751" endtime="20230616 15:41:15.754"/>
</kw>
<return>
<value>${InvoiceNumber}[0]</value>
<status status="PASS" starttime="20230616 15:41:15.754" endtime="20230616 15:41:15.754"/>
</return>
<msg timestamp="20230616 15:41:15.755" level="INFO">${Factura} = A - 0018 - 00234903</msg>
<status status="PASS" starttime="20230616 15:41:15.463" endtime="20230616 15:41:15.756"/>
</kw>
<kw name="Crear SOLPED">
<arg>${Factura}</arg>
<kw name="Run Transaction" library="RPA.SAP">
<arg>ME51N</arg>
<doc>Runs a Sap transaction. An error is given when an unknown transaction is specified.</doc>
<status status="PASS" starttime="20230616 15:41:15.758" endtime="20230616 15:41:17.330"/>
</kw>
<kw name="Select Context Menu Item" library="RPA.SAP">
<arg>wnd[0]/titl/shellcont/shell</arg>
<arg>%GOS_TOOLBOX</arg>
<arg>%GOS_PCATTA_CREA</arg>
<doc>Selects an item from the context menu by clicking a button or right-clicking in the node context menu.</doc>
<status status="PASS" starttime="20230616 15:41:17.330" endtime="20230616 15:41:18.041"/>
</kw>
<kw name="Input Text" library="RPA.SAP">
<arg>${PDF_Path2}</arg>
<arg>c:\\Users\\hmengual\\Desktop\\RPA\\MPV\\tmp</arg>
<doc>Inserts the given text into the text field identified by locator.
Use keyword `input password` to insert a password in a text field.</doc>
<msg timestamp="20230616 15:41:18.083" level="INFO">Typing text 'c:\Users\hmengual\Desktop\RPA\MPV\tmp' into text field 'wnd[1]/usr/ctxtDY_PATH'.</msg>
<status status="PASS" starttime="20230616 15:41:18.042" endtime="20230616 15:41:18.084"/>
</kw>
<kw name="Input Text" library="RPA.SAP">
<arg>${PDF_Nombre}</arg>
<arg>Factura.pdf</arg>
<doc>Inserts the given text into the text field identified by locator.
Use keyword `input password` to insert a password in a text field.</doc>
<msg timestamp="20230616 15:41:18.102" level="INFO">Typing text 'Factura.pdf' into text field 'wnd[1]/usr/ctxtDY_FILENAME'.</msg>
<status status="PASS" starttime="20230616 15:41:18.084" endtime="20230616 15:41:18.103"/>
</kw>
<kw name="Send Vkey" library="RPA.SAP">
<arg>0</arg>
<doc>Sends a SAP virtual key combination to the window, not into an element.
If you want to send a value to a text field, use `input text` instead.</doc>
<status status="PASS" starttime="20230616 15:41:18.103" endtime="20230616 15:41:19.871"/>
</kw>
<kw name="Send Vkey" library="RPA.SAP">
<arg>26</arg>
<doc>Sends a SAP virtual key combination to the window, not into an element.
If you want to send a value to a text field, use `input text` instead.</doc>
<status status="PASS" starttime="20230616 15:41:19.872" endtime="20230616 15:41:20.550"/>
</kw>
<kw name="Input Text" library="RPA.SAP">
<arg>${Header_Detail}</arg>
<arg>${Texto_factura}</arg>
<doc>Inserts the given text into the text field identified by locator.
Use keyword `input password` to insert a password in a text field.</doc>
<msg timestamp="20230616 15:41:20.649" level="INFO">Typing text 'A - 0018 - 00234903' into text field 'wnd[0]/usr/subSUB0:SAPLMEGUI:0013/subSUB1:SAPLMEVIEWS:1100/subSUB2:SAPLMEVIEWS:1200/subSUB1:SAPLMEGUI:3102/tabsREQ_HEADER_DETAIL/tabpTABREQHDT1/ssubTABSTRIPCONTROL3SUB:SAPLMEGUI:1230/subTEXTS:SAPLMMTE:0100/subEDITOR:SAPLMMTE:0101/cntlTEXT_EDITOR_0101/shellcont/shell'.</msg>
<status status="PASS" starttime="20230616 15:41:20.551" endtime="20230616 15:41:20.649"/>
</kw>
<kw name="Send Vkey" library="RPA.SAP">
<arg>0</arg>
<doc>Sends a SAP virtual key combination to the window, not into an element.
If you want to send a value to a text field, use `input text` instead.</doc>
<status status="PASS" starttime="20230616 15:41:20.650" endtime="20230616 15:41:21.664"/>
</kw>
<kw name="Send Vkey" library="RPA.SAP">
<arg>27</arg>
<doc>Sends a SAP virtual key combination to the window, not into an element.
If you want to send a value to a text field, use `input text` instead.</doc>
<status status="PASS" starttime="20230616 15:41:21.664" endtime="20230616 15:41:22.167"/>
</kw>
<kw name="Set Cell Value" library="RPA.SAP">
<arg>${Tabla}</arg>
<arg>0</arg>
<arg>MATNR</arg>
<arg>70099</arg>
<doc>Sets the cell value for the specified cell of a GridView 'table_id' which is contained within a shell object.</doc>
<msg timestamp="20230616 15:41:22.335" level="INFO">Typing text '70099' into cell '0', 'MATNR'</msg>
<status status="PASS" starttime="20230616 15:41:22.168" endtime="20230616 15:41:22.335"/>
</kw>
<kw name="Set Cell Value" library="RPA.SAP">
<arg>${Tabla}</arg>
<arg>0</arg>
<arg>NAME1</arg>
<arg>Aranguren</arg>
<doc>Sets the cell value for the specified cell of a GridView 'table_id' which is contained within a shell object.</doc>
<msg timestamp="20230616 15:41:22.404" level="INFO">Typing text 'Aranguren' into cell '0', 'NAME1'</msg>
<status status="PASS" starttime="20230616 15:41:22.336" endtime="20230616 15:41:22.405"/>
</kw>
<kw name="Set Cell Value" library="RPA.SAP">
<arg>${Tabla}</arg>
<arg>0</arg>
<arg>KNTTP</arg>
<arg>K</arg>
<doc>Sets the cell value for the specified cell of a GridView 'table_id' which is contained within a shell object.</doc>
<msg timestamp="20230616 15:41:22.476" level="INFO">Typing text 'K' into cell '0', 'KNTTP'</msg>
<status status="PASS" starttime="20230616 15:41:22.405" endtime="20230616 15:41:22.476"/>
</kw>
<kw name="Set Cell Value" library="RPA.SAP">
<arg>${Tabla}</arg>
<arg>0</arg>
<arg>MENGE</arg>
<arg>1</arg>
<doc>Sets the cell value for the specified cell of a GridView 'table_id' which is contained within a shell object.</doc>
<msg timestamp="20230616 15:41:22.535" level="INFO">Typing text '1' into cell '0', 'MENGE'</msg>
<status status="PASS" starttime="20230616 15:41:22.477" endtime="20230616 15:41:22.535"/>
</kw>
<kw name="Set Cell Value" library="RPA.SAP">
<arg>${Tabla}</arg>
<arg>0</arg>
<arg>AFNAM</arg>
<arg>SISTEMAS</arg>
<doc>Sets the cell value for the specified cell of a GridView 'table_id' which is contained within a shell object.</doc>
<msg timestamp="20230616 15:41:22.595" level="INFO">Typing text 'SISTEMAS' into cell '0', 'AFNAM'</msg>
<status status="PASS" starttime="20230616 15:41:22.535" endtime="20230616 15:41:22.596"/>
</kw>
<kw name="Send Vkey" library="RPA.SAP">
<arg>0</arg>
<doc>Sends a SAP virtual key combination to the window, not into an element.
If you want to send a value to a text field, use `input text` instead.</doc>
<status status="PASS" starttime="20230616 15:41:22.596" endtime="20230616 15:41:23.539"/>
</kw>
<kw name="Input Text" library="RPA.SAP">
<arg>${Centro_costo}</arg>
<arg>cc00032</arg>
<doc>Inserts the given text into the text field identified by locator.
Use keyword `input password` to insert a password in a text field.</doc>
<msg timestamp="20230616 15:41:23.714" level="INFO">Typing text 'cc00032' into text field 'wnd[0]/usr/subSUB0:SAPLMEGUI:0019/subSUB3:SAPLMEVIEWS:1100/subSUB2:SAPLMEVIEWS:1200/subSUB1:SAPLMEGUI:1301/subSUB2:SAPLMEGUI:3303/tabsREQ_ITEM_DETAIL/tabpTABREQDT6/ssubTABSTRIPCONTROL1SUB:SAPLMEVIEWS:1101/subSUB2:SAPLMEACCTVI:0100/subSUB1:SAPLMEACCTVI:1100/subKONTBLOCK:SAPLKACB:1101/ctxtCOBL-KOSTL'.</msg>
<status status="PASS" starttime="20230616 15:41:23.539" endtime="20230616 15:41:23.714"/>
</kw>
<kw name="Send Vkey" library="RPA.SAP">
<arg>0</arg>
<doc>Sends a SAP virtual key combination to the window, not into an element.
If you want to send a value to a text field, use `input text` instead.</doc>
<status status="PASS" starttime="20230616 15:41:23.714" endtime="20230616 15:41:24.496"/>
</kw>
<kw name="Input Text" library="RPA.SAP">
<arg>${Precio}</arg>
<arg>1</arg>
<doc>Inserts the given text into the text field identified by locator.
Use keyword `input password` to insert a password in a text field.</doc>
<msg timestamp="20230616 15:41:24.620" level="INFO">Typing text '1' into text field 'wnd[0]/usr/subSUB0:SAPLMEGUI:0015/subSUB3:SAPLMEVIEWS:1100/subSUB2:SAPLMEVIEWS:1200/subSUB1:SAPLMEGUI:1301/subSUB2:SAPLMEGUI:3303/tabsREQ_ITEM_DETAIL/tabpTABREQDT5/ssubTABSTRIPCONTROL1SUB:SAPLMEGUI:3320/txtMEREQ3320-PREIS'.</msg>
<status status="PASS" starttime="20230616 15:41:24.497" endtime="20230616 15:41:24.620"/>
</kw>
<kw name="Send Vkey" library="RPA.SAP">
<arg>0</arg>
<doc>Sends a SAP virtual key combination to the window, not into an element.
If you want to send a value to a text field, use `input text` instead.</doc>
<status status="PASS" starttime="20230616 15:41:24.621" endtime="20230616 15:41:25.076"/>
</kw>
<kw name="Click Element" library="RPA.SAP">
<arg>${Save}</arg>
<doc>Performs a single click on a given element. Used only for buttons, tabs and menu items.</doc>
<status status="PASS" starttime="20230616 15:41:25.077" endtime="20230616 15:41:26.013"/>
</kw>
<status status="PASS" starttime="20230616 15:41:15.757" endtime="20230616 15:41:26.014"/>
</kw>
<kw name="No Operation" library="BuiltIn" type="TEARDOWN">
<doc>Does absolutely nothing.</doc>
<status status="PASS" starttime="20230616 15:41:26.016" endtime="20230616 15:41:26.017"/>
</kw>
<status status="PASS" starttime="20230616 15:41:07.778" endtime="20230616 15:41:26.018"/>
</test>
<doc>Aplicación Demo, automatización de proceso estándar de SAP: Generación de SOLPED</doc>
<status status="PASS" starttime="20230616 15:41:05.067" endtime="20230616 15:41:26.021"/>
</suite>
<statistics>
<total>
<stat pass="1" fail="0" skip="0">All Tasks</stat>
</total>
<tag>
</tag>
<suite>
<stat pass="1" fail="0" skip="0" id="s1" name="Tasks">Tasks</stat>
</suite>
</statistics>
<errors>
</errors>
</robot>
